Traceback (most recent call last):
  File "C:\git\.venv\Lib\site-packages\jupyter_core\utils\__init__.py", line 154, in wrapped
    asyncio.get_running_loop()
RuntimeError: no running event loop

During handling of the above exception, another exception occurred:

Traceback (most recent call last):
  File "C:\git\.venv\Lib\site-packages\jupyter_cache\executors\utils.py", line 58, in single_nb_execution
    executenb(
  File "C:\git\.venv\Lib\site-packages\nbclient\client.py", line 1319, in execute
    return NotebookClient(nb=nb, resources=resources, km=km, **kwargs).execute()
           ^^^^^^^^^^^^^^^^^^^^^^^^^^^^^^^^^^^^^^^^^^^^^^^^^^^^^^^^^^^^^^^^^^^^^
  File "C:\git\.venv\Lib\site-packages\jupyter_core\utils\__init__.py", line 158, in wrapped
    return loop.run_until_complete(inner)
           ^^^^^^^^^^^^^^^^^^^^^^^^^^^^^^
  File "C:\Program Files\WindowsApps\PythonSoftwareFoundation.Python.3.11_3.11.2544.0_x64__qbz5n2kfra8p0\Lib\asyncio\base_events.py", line 654, in run_until_complete
    return future.result()
           ^^^^^^^^^^^^^^^
  File "C:\git\.venv\Lib\site-packages\nbclient\client.py", line 709, in async_execute
    await self.async_execute_cell(
  File "C:\git\.venv\Lib\site-packages\nbclient\client.py", line 1062, in async_execute_cell
    await self._check_raise_for_error(cell, cell_index, exec_reply)
  File "C:\git\.venv\Lib\site-packages\nbclient\client.py", line 918, in _check_raise_for_error
    raise CellExecutionError.from_cell_and_msg(cell, exec_reply_content)
nbclient.exceptions.CellExecutionError: An error occurred while executing the following cell:
------------------
# Import visualization library
import matplotlib.pyplot as plt

# Define medical conditions commonly associated with readmissions
# These are based on real healthcare data showing highest-risk conditions
conditions = ["Diabetes", "Heart Failure", "COPD", "Hypertension"]

# Readmission risk probabilities based on healthcare research
# These percentages reflect actual patterns from Medicare data
risk = [0.25,    # Diabetes: 25% readmission rate due to blood sugar complications
        0.40,    # Heart Failure: 40% rate - highest risk due to fluid management issues  
        0.35,    # COPD (lung disease): 35% rate - respiratory complications common
        0.20]    # Hypertension: 20% rate - generally more manageable condition

# Create a bar chart to visualize risk levels
bars = plt.bar(conditions, risk, 
               color=['#FF6B6B', '#FF4757', '#FF3838', '#FF6B9D'],  # Red gradient - higher risk = darker red
               edgecolor='black',    # Black borders for clarity
               linewidth=1.2)        # Border thickness

# Add percentage labels on top of each bar for precise reading
for i, bar in enumerate(bars):
    height = bar.get_height()  # Get the bar height (risk probability)
    plt.text(bar.get_x() + bar.get_width()/2,  # Center horizontally on bar
             height + 0.01,                     # Position slightly above bar
             f'{risk[i]:.0%}',                  # Format as percentage (e.g., "25%")
             ha='center',                       # Center-align text
             fontsize=11,                       # Text size
             fontweight='bold')                 # Bold for emphasis

# Chart formatting and labels
plt.title("30-Day Hospital Readmission Risk by Medical Condition", 
          fontsize=14, fontweight='bold', pad=20)
plt.ylabel("Readmission Probability", fontsize=12)
plt.xlabel("Primary Medical Condition", fontsize=12)

# Set y-axis to show 0-50% range for better visual scaling
plt.ylim(0, 0.5)

# Add horizontal grid lines to help read values
plt.grid(axis='y', alpha=0.3, linestyle='--')

# Rotate x-axis labels for better readability if needed
plt.xticks(rotation=0, fontsize=10)

# Add a subtle background color to distinguish the chart area
plt.gca().set_facecolor('#F8F9FA')

plt.tight_layout()  # Adjust spacing to prevent label cutoff
plt.show()

# CLINICAL INSIGHT: Heart failure has the highest readmission risk because:
# 1. Fluid balance is difficult to manage at home
# 2. Symptoms can deteriorate rapidly
# 3. Multiple medications with complex interactions
# 4. Often occurs in elderly patients with multiple conditions
------------------


[31m---------------------------------------------------------------------------[39m
[31mModuleNotFoundError[39m                       Traceback (most recent call last)
[36mCell[39m[36m [39m[32mIn[1][39m[32m, line 2[39m
[32m      1[39m [38;5;66;03m# Import visualization library[39;00m
[32m----> [39m[32m2[39m [38;5;28;01mimport[39;00m[38;5;250m [39m[34;01mmatplotlib[39;00m[34;01m.[39;00m[34;01mpyplot[39;00m[38;5;250m [39m[38;5;28;01mas[39;00m[38;5;250m [39m[34;01mplt[39;00m
[32m      4[39m [38;5;66;03m# Define medical conditions commonly associated with readmissions[39;00m
[32m      5[39m [38;5;66;03m# These are based on real healthcare data showing highest-risk conditions[39;00m
[32m      6[39m conditions = [[33m"[39m[33mDiabetes[39m[33m"[39m, [33m"[39m[33mHeart Failure[39m[33m"[39m, [33m"[39m[33mCOPD[39m[33m"[39m, [33m"[39m[33mHypertension[39m[33m"[39m]

[31mModuleNotFoundError[39m: No module named 'matplotlib'

